<?xml version="1.0" encoding="UTF-8"?>
<!-- Generated by org.testng.reporters.JUnitXMLReporter -->
<testsuite ignored="1" hostname="DESKTOP-BQP1HFR" failures="0" tests="1" name="Amazon Automation Test Script" time="9.163" errors="0" timestamp="2021-03-14T12:32:16 EDT">
  <testcase classname="homepagetest.HomePageTest" name="testSearchBox" time="3.294"/>
  <testcase classname="homepagetest.HomePageTest" name="testSearchBox1" time="0.0">
    <ignored/>
  </testcase> <!-- testSearchBox1 -->
</testsuite> <!-- Amazon Automation Test Script -->
