<?xml version="1.0" encoding="UTF-8"?>
<testng-results ignored="1" total="2" passed="1" failed="0" skipped="0">
  <reporter-output>
    <line>
      <![CDATA[Extent Report DirectoryC:\Users\farha\IdeaProjects\Web_Automation_Framework\Amazon\target\surefire-reports\html]]>
    </line>
  </reporter-output>
  <suite started-at="2021-03-14T12:32:07 EDT" name="TestSuit" finished-at="2021-03-14T12:32:16 EDT" duration-ms="9163">
    <groups>
    </groups>
    <test started-at="2021-03-14T12:32:07 EDT" name="Amazon Automation Test Script" finished-at="2021-03-14T12:32:16 EDT" duration-ms="9163">
      <class name="homepagetest.HomePageTest">
        <test-method is-config="true" signature="extentSetup(org.testng.ITestContext)[pri:0, instance:homepagetest.HomePageTest@dd0c991]" started-at="2021-03-14T12:32:07 EDT" name="extentSetup" finished-at="2021-03-14T12:32:07 EDT" duration-ms="248" status="PASS">
          <params>
            <param index="0">
              <value>
                <![CDATA[org.testng.TestRunner@60d1b21f]]>
              </value>
            </param>
          </params>
          <reporter-output>
            <line>
              <![CDATA[Extent Report DirectoryC:\Users\farha\IdeaProjects\Web_Automation_Framework\Amazon\target\surefire-reports\html]]>
            </line>
          </reporter-output>
        </test-method> <!-- extentSetup -->
        <test-method is-config="true" signature="setUp(boolean, java.lang.String, java.lang.String, java.lang.String, java.lang.String, java.lang.String, java.lang.String)[pri:0, instance:homepagetest.HomePageTest@dd0c991]" started-at="2021-03-14T12:32:07 EDT" name="setUp" finished-at="2021-03-14T12:32:12 EDT" duration-ms="4796" status="PASS">
          <params>
            <param index="0">
              <value>
                <![CDATA[false]]>
              </value>
            </param>
            <param index="1">
              <value>
                <![CDATA[browserStack]]>
              </value>
            </param>
            <param index="2">
              <value>
                <![CDATA[windows]]>
              </value>
            </param>
            <param index="3">
              <value>
                <![CDATA[10]]>
              </value>
            </param>
            <param index="4">
              <value>
                <![CDATA[chrome]]>
              </value>
            </param>
            <param index="5">
              <value>
                <![CDATA[89]]>
              </value>
            </param>
            <param index="6">
              <value>
                <![CDATA[https://www.amazon.com/]]>
              </value>
            </param>
          </params>
          <reporter-output>
          </reporter-output>
        </test-method> <!-- setUp -->
        <test-method is-config="true" signature="startExtent(java.lang.reflect.Method)[pri:0, instance:homepagetest.HomePageTest@dd0c991]" started-at="2021-03-14T12:32:12 EDT" name="startExtent" finished-at="2021-03-14T12:32:12 EDT" duration-ms="17" status="PASS">
          <params>
            <param index="0">
              <value>
                <![CDATA[public void homepagetest.HomePageTest.testSearchBox() throws java.lang.InterruptedException]]>
              </value>
            </param>
          </params>
          <reporter-output>
          </reporter-output>
        </test-method> <!-- startExtent -->
        <test-method is-config="true" signature="getInit()[pri:0, instance:homepagetest.HomePageTest@dd0c991]" started-at="2021-03-14T12:32:12 EDT" name="getInit" finished-at="2021-03-14T12:32:12 EDT" duration-ms="48" status="PASS">
          <reporter-output>
          </reporter-output>
        </test-method> <!-- getInit -->
        <test-method signature="testSearchBox()[pri:0, instance:homepagetest.HomePageTest@dd0c991]" started-at="2021-03-14T12:32:12 EDT" name="testSearchBox" finished-at="2021-03-14T12:32:15 EDT" duration-ms="3294" status="PASS">
          <reporter-output>
          </reporter-output>
        </test-method> <!-- testSearchBox -->
        <test-method is-config="true" signature="afterEachTestMethod(org.testng.ITestResult)[pri:0, instance:homepagetest.HomePageTest@dd0c991]" started-at="2021-03-14T12:32:15 EDT" name="afterEachTestMethod" finished-at="2021-03-14T12:32:16 EDT" duration-ms="976" status="PASS">
          <params>
            <param index="0">
              <value>
                <![CDATA[[TestResult name=testSearchBox status=SUCCESS method=HomePageTest.testSearchBox()[pri:0, instance:homepagetest.HomePageTest@dd0c991] output={null}]]]>
              </value>
            </param>
          </params>
          <reporter-output>
          </reporter-output>
        </test-method> <!-- afterEachTestMethod -->
        <test-method is-config="true" signature="cleanUp()[pri:0, instance:homepagetest.HomePageTest@dd0c991]" started-at="2021-03-14T12:32:16 EDT" name="cleanUp" finished-at="2021-03-14T12:32:16 EDT" duration-ms="0" status="PASS">
          <reporter-output>
          </reporter-output>
        </test-method> <!-- cleanUp -->
        <test-method is-config="true" signature="generateReport()[pri:0, instance:homepagetest.HomePageTest@dd0c991]" started-at="2021-03-14T12:32:16 EDT" name="generateReport" finished-at="2021-03-14T12:32:16 EDT" duration-ms="47" status="PASS">
          <reporter-output>
          </reporter-output>
        </test-method> <!-- generateReport -->
      </class> <!-- homepagetest.HomePageTest -->
    </test> <!-- Amazon Automation Test Script -->
  </suite> <!-- TestSuit -->
</testng-results>
